app/build/intermediates/manifest_merge_blame_file/debug/processDebugMainManifest/manifest-merger-blame-debug-report.txt
1<?xml version="1.0" encoding="utf-8"?>
2<manifest xmlns:android="http://schemas.android.com/apk/res/android"
3    package="com.pyera.app"
4    android:versionCode="1"
5    android:versionName="1.0" >
6
7    <uses-sdk
8        android:minSdkVersion="26"
9        android:targetSdkVersion="34" />
10
11    <uses-feature
11-->src\main\AndroidManifest.xml:5:5-7:36
12        android:name="android.hardware.camera"
12-->src\main\AndroidManifest.xml:6:9-47
13        android:required="false" />
13-->src\main\AndroidManifest.xml:7:9-33
14
15    <uses-permission android:name="android.permission.WAKE_LOCK" />
15-->[androidx.work:work-runtime:2.9.0] AndroidManifest.xml:23:5-68
15-->[androidx.work:work-runtime:2.9.0] AndroidManifest.xml:23:22-65
16    <uses-permission android:name="android.permission.ACCESS_NETWORK_STATE" />
16-->[androidx.work:work-runtime:2.9.0] AndroidManifest.xml:24:5-79
16-->[androidx.work:work-runtime:2.9.0] AndroidManifest.xml:24:22-76
17    <uses-permission android:name="android.permission.RECEIVE_BOOT_COMPLETED" />
17-->[androidx.work:work-runtime:2.9.0] AndroidManifest.xml:25:5-81
17-->[androidx.work:work-runtime:2.9.0] AndroidManifest.xml:25:22-78
18    <uses-permission android:name="android.permission.FOREGROUND_SERVICE" />
18-->[androidx.work:work-runtime:2.9.0] AndroidManifest.xml:26:5-77
18-->[androidx.work:work-runtime:2.9.0] AndroidManifest.xml:26:22-74
19    <uses-permission android:name="android.permission.INTERNET" />
19-->[com.google.firebase:firebase-auth:23.1.0] AndroidManifest.xml:25:5-67
19-->[com.google.firebase:firebase-auth:23.1.0] AndroidManifest.xml:25:22-64
20    <uses-permission android:name="com.google.android.gms.permission.AD_ID" />
20-->[com.google.android.gms:play-services-measurement-api:22.1.2] AndroidManifest.xml:25:5-79
20-->[com.google.android.gms:play-services-measurement-api:22.1.2] AndroidManifest.xml:25:22-76
21    <uses-permission android:name="android.permission.ACCESS_ADSERVICES_ATTRIBUTION" />
21-->[com.google.android.gms:play-services-measurement-api:22.1.2] AndroidManifest.xml:26:5-88
21-->[com.google.android.gms:play-services-measurement-api:22.1.2] AndroidManifest.xml:26:22-85
22    <uses-permission android:name="android.permission.ACCESS_ADSERVICES_AD_ID" />
22-->[com.google.android.gms:play-services-measurement-api:22.1.2] AndroidManifest.xml:27:5-82
22-->[com.google.android.gms:play-services-measurement-api:22.1.2] AndroidManifest.xml:27:22-79
23    <uses-permission android:name="android.permission.USE_BIOMETRIC" /> <!-- suppress DeprecatedClassUsageInspection -->
23-->[androidx.biometric:biometric:1.2.0-alpha05] AndroidManifest.xml:22:5-72
23-->[androidx.biometric:biometric:1.2.0-alpha05] AndroidManifest.xml:22:22-69
24    <uses-permission android:name="android.permission.USE_FINGERPRINT" />
24-->[androidx.biometric:biometric:1.2.0-alpha05] AndroidManifest.xml:25:5-74
24-->[androidx.biometric:biometric:1.2.0-alpha05] AndroidManifest.xml:25:22-71
25    <uses-permission android:name="com.google.android.finsky.permission.BIND_GET_INSTALL_REFERRER_SERVICE" />
25-->[com.google.android.gms:play-services-measurement:22.1.2] AndroidManifest.xml:26:5-110
25-->[com.google.android.gms:play-services-measurement:22.1.2] AndroidManifest.xml:26:22-107
26    <uses-permission android:name="com.google.android.providers.gsf.permission.READ_GSERVICES" />
26-->[com.google.android.recaptcha:recaptcha:18.5.1] AndroidManifest.xml:9:5-98
26-->[com.google.android.recaptcha:recaptcha:18.5.1] AndroidManifest.xml:9:22-95
27
28    <permission
28-->[androidx.core:core:1.13.1] AndroidManifest.xml:22:5-24:47
29        android:name="com.pyera.app.DYNAMIC_RECEIVER_NOT_EXPORTED_PERMISSION"
29-->[androidx.core:core:1.13.1] AndroidManifest.xml:23:9-81
30        android:protectionLevel="signature" />
30-->[androidx.core:core:1.13.1] AndroidManifest.xml:24:9-44
31
32    <uses-permission android:name="com.pyera.app.DYNAMIC_RECEIVER_NOT_EXPORTED_PERMISSION" />
32-->[androidx.core:core:1.13.1] AndroidManifest.xml:26:5-97
32-->[androidx.core:core:1.13.1] AndroidManifest.xml:26:22-94
33
34    <application
34-->src\main\AndroidManifest.xml:9:5-89:19
35        android:name="com.pyera.app.PyeraApp"
35-->src\main\AndroidManifest.xml:10:9-33
36        android:allowBackup="false"
36-->src\main\AndroidManifest.xml:11:9-36
37        android:appComponentFactory="androidx.core.app.CoreComponentFactory"
37-->[androidx.core:core:1.13.1] AndroidManifest.xml:28:18-86
38        android:debuggable="true"
39        android:extractNativeLibs="false"
40        android:fullBackupContent="false"
40-->src\main\AndroidManifest.xml:12:9-42
41        android:icon="@mipmap/ic_launcher"
41-->src\main\AndroidManifest.xml:14:9-43
42        android:label="@string/app_name"
42-->src\main\AndroidManifest.xml:15:9-41
43        android:networkSecurityConfig="@xml/network_security_config"
43-->src\main\AndroidManifest.xml:13:9-69
44        android:roundIcon="@mipmap/ic_launcher_round"
44-->src\main\AndroidManifest.xml:16:9-54
45        android:supportsRtl="true"
45-->src\main\AndroidManifest.xml:17:9-35
46        android:theme="@style/Theme.Pyera" >
46-->src\main\AndroidManifest.xml:18:9-43
47        <activity
47-->src\main\AndroidManifest.xml:21:9-29:20
48            android:name="com.pyera.app.MainActivity"
48-->src\main\AndroidManifest.xml:22:13-41
49            android:exported="true"
49-->src\main\AndroidManifest.xml:23:13-36
50            android:theme="@style/Theme.Pyera.Starting" >
50-->src\main\AndroidManifest.xml:24:13-56
51            <intent-filter>
51-->src\main\AndroidManifest.xml:25:13-28:29
52                <action android:name="android.intent.action.MAIN" />
52-->src\main\AndroidManifest.xml:26:17-69
52-->src\main\AndroidManifest.xml:26:25-66
53
54                <category android:name="android.intent.category.LAUNCHER" />
54-->src\main\AndroidManifest.xml:27:17-77
54-->src\main\AndroidManifest.xml:27:27-74
55            </intent-filter>
56        </activity>
57
58        <!-- Widget Configuration Activity -->
59        <activity
59-->src\main\AndroidManifest.xml:32:9-39:20
60            android:name="com.pyera.app.widget.WidgetConfigurationActivity"
60-->src\main\AndroidManifest.xml:33:13-63
61            android:exported="false"
61-->src\main\AndroidManifest.xml:34:13-37
62            android:theme="@style/Theme.Pyera" >
62-->src\main\AndroidManifest.xml:35:13-47
63            <intent-filter>
63-->src\main\AndroidManifest.xml:36:13-38:29
64                <action android:name="android.appwidget.action.APPWIDGET_CONFIGURE" />
64-->src\main\AndroidManifest.xml:37:17-87
64-->src\main\AndroidManifest.xml:37:25-84
65            </intent-filter>
66        </activity>
67
68        <!-- Balance Widget Receiver (2x1) -->
69        <receiver
69-->src\main\AndroidManifest.xml:42:9-55:20
70            android:name="com.pyera.app.widget.BalanceWidgetReceiver"
70-->src\main\AndroidManifest.xml:43:13-57
71            android:exported="true"
71-->src\main\AndroidManifest.xml:44:13-36
72            android:label="Pyera Balance" >
72-->src\main\AndroidManifest.xml:45:13-42
73            <intent-filter>
73-->src\main\AndroidManifest.xml:46:13-48:29
74                <action android:name="android.appwidget.action.APPWIDGET_UPDATE" />
74-->src\main\AndroidManifest.xml:47:17-84
74-->src\main\AndroidManifest.xml:47:25-81
75            </intent-filter>
76
77            <meta-data
77-->src\main\AndroidManifest.xml:49:13-51:63
78                android:name="android.appwidget.provider"
78-->src\main\AndroidManifest.xml:50:17-58
79                android:resource="@xml/balance_widget_info" />
79-->src\main\AndroidManifest.xml:51:17-60
80            <meta-data
80-->src\main\AndroidManifest.xml:52:13-54:71
81                android:name="android.appwidget.configuration"
81-->src\main\AndroidManifest.xml:53:17-63
82                android:value=".widget.WidgetConfigurationActivity" />
82-->src\main\AndroidManifest.xml:54:17-68
83        </receiver>
84
85        <!-- Quick Add Widget Receiver (3x1) -->
86        <receiver
86-->src\main\AndroidManifest.xml:58:9-71:20
87            android:name="com.pyera.app.widget.QuickAddWidgetReceiver"
87-->src\main\AndroidManifest.xml:59:13-58
88            android:exported="true"
88-->src\main\AndroidManifest.xml:60:13-36
89            android:label="Pyera Quick Add" >
89-->src\main\AndroidManifest.xml:61:13-44
90            <intent-filter>
90-->src\main\AndroidManifest.xml:46:13-48:29
91                <action android:name="android.appwidget.action.APPWIDGET_UPDATE" />
91-->src\main\AndroidManifest.xml:47:17-84
91-->src\main\AndroidManifest.xml:47:25-81
92            </intent-filter>
93
94            <meta-data
94-->src\main\AndroidManifest.xml:49:13-51:63
95                android:name="android.appwidget.provider"
95-->src\main\AndroidManifest.xml:50:17-58
96                android:resource="@xml/quick_add_widget_info" />
96-->src\main\AndroidManifest.xml:51:17-60
97            <meta-data
97-->src\main\AndroidManifest.xml:52:13-54:71
98                android:name="android.appwidget.configuration"
98-->src\main\AndroidManifest.xml:53:17-63
99                android:value=".widget.WidgetConfigurationActivity" />
99-->src\main\AndroidManifest.xml:54:17-68
100        </receiver>
101
102        <!-- Transactions Widget Receiver (4x2) -->
103        <receiver
103-->src\main\AndroidManifest.xml:74:9-87:20
104            android:name="com.pyera.app.widget.TransactionsWidgetReceiver"
104-->src\main\AndroidManifest.xml:75:13-62
105            android:exported="true"
105-->src\main\AndroidManifest.xml:76:13-36
106            android:label="Pyera Transactions" >
106-->src\main\AndroidManifest.xml:77:13-47
107            <intent-filter>
107-->src\main\AndroidManifest.xml:46:13-48:29
108                <action android:name="android.appwidget.action.APPWIDGET_UPDATE" />
108-->src\main\AndroidManifest.xml:47:17-84
108-->src\main\AndroidManifest.xml:47:25-81
109            </intent-filter>
110
111            <meta-data
111-->src\main\AndroidManifest.xml:49:13-51:63
112                android:name="android.appwidget.provider"
112-->src\main\AndroidManifest.xml:50:17-58
113                android:resource="@xml/transactions_widget_info" />
113-->src\main\AndroidManifest.xml:51:17-60
114            <meta-data
114-->src\main\AndroidManifest.xml:52:13-54:71
115                android:name="android.appwidget.configuration"
115-->src\main\AndroidManifest.xml:53:17-63
116                android:value=".widget.WidgetConfigurationActivity" />
116-->src\main\AndroidManifest.xml:54:17-68
117        </receiver>
118
119        <service
119-->[androidx.room:room-runtime:2.6.1] AndroidManifest.xml:24:9-28:63
120            android:name="androidx.room.MultiInstanceInvalidationService"
120-->[androidx.room:room-runtime:2.6.1] AndroidManifest.xml:25:13-74
121            android:directBootAware="true"
121-->[androidx.room:room-runtime:2.6.1] AndroidManifest.xml:26:13-43
122            android:exported="false" />
122-->[androidx.room:room-runtime:2.6.1] AndroidManifest.xml:27:13-37
123
124        <activity
124-->[androidx.glance:glance-appwidget:1.0.0] AndroidManifest.xml:23:9-27:40
125            android:name="androidx.glance.appwidget.action.ActionTrampolineActivity"
125-->[androidx.glance:glance-appwidget:1.0.0] AndroidManifest.xml:24:13-85
126            android:enabled="true"
126-->[androidx.glance:glance-appwidget:1.0.0] AndroidManifest.xml:25:13-35
127            android:excludeFromRecents="true"
127-->[androidx.glance:glance-appwidget:1.0.0] AndroidManifest.xml:26:13-46
128            android:exported="false" />
128-->[androidx.glance:glance-appwidget:1.0.0] AndroidManifest.xml:27:13-37
129        <activity
129-->[androidx.glance:glance-appwidget:1.0.0] AndroidManifest.xml:28:9-35:81
130            android:name="androidx.glance.appwidget.action.InvisibleActionTrampolineActivity"
130-->[androidx.glance:glance-appwidget:1.0.0] AndroidManifest.xml:29:13-94
131            android:enabled="true"
131-->[androidx.glance:glance-appwidget:1.0.0] AndroidManifest.xml:30:13-35
132            android:exported="false"
132-->[androidx.glance:glance-appwidget:1.0.0] AndroidManifest.xml:31:13-37
133            android:launchMode="singleInstance"
133-->[androidx.glance:glance-appwidget:1.0.0] AndroidManifest.xml:32:13-48
134            android:noHistory="true"
134-->[androidx.glance:glance-appwidget:1.0.0] AndroidManifest.xml:33:13-37
135            android:taskAffinity="androidx.glance.appwidget.ListAdapterCallbackTrampoline"
135-->[androidx.glance:glance-appwidget:1.0.0] AndroidManifest.xml:34:13-91
136            android:theme="@style/Widget.Glance.AppWidget.CallbackTrampoline" />
136-->[androidx.glance:glance-appwidget:1.0.0] AndroidManifest.xml:35:13-78
137
138        <receiver
138-->[androidx.glance:glance-appwidget:1.0.0] AndroidManifest.xml:37:9-40:40
139            android:name="androidx.glance.appwidget.action.ActionCallbackBroadcastReceiver"
139-->[androidx.glance:glance-appwidget:1.0.0] AndroidManifest.xml:38:13-92
140            android:enabled="true"
140-->[androidx.glance:glance-appwidget:1.0.0] AndroidManifest.xml:39:13-35
141            android:exported="false" />
141-->[androidx.glance:glance-appwidget:1.0.0] AndroidManifest.xml:40:13-37
142        <receiver
142-->[androidx.glance:glance-appwidget:1.0.0] AndroidManifest.xml:41:9-48:20
143            android:name="androidx.glance.appwidget.MyPackageReplacedReceiver"
143-->[androidx.glance:glance-appwidget:1.0.0] AndroidManifest.xml:42:13-79
144            android:enabled="true"
144-->[androidx.glance:glance-appwidget:1.0.0] AndroidManifest.xml:43:13-35
145            android:exported="false" >
145-->[androidx.glance:glance-appwidget:1.0.0] AndroidManifest.xml:44:13-37
146            <intent-filter>
146-->[androidx.glance:glance-appwidget:1.0.0] AndroidManifest.xml:45:13-47:29
147                <action android:name="android.intent.action.MY_PACKAGE_REPLACED" />
147-->[androidx.glance:glance-appwidget:1.0.0] AndroidManifest.xml:46:17-84
147-->[androidx.glance:glance-appwidget:1.0.0] AndroidManifest.xml:46:25-81
148            </intent-filter>
149        </receiver>
150
151        <service
151-->[androidx.glance:glance-appwidget:1.0.0] AndroidManifest.xml:50:9-53:72
152            android:name="androidx.glance.appwidget.GlanceRemoteViewsService"
152-->[androidx.glance:glance-appwidget:1.0.0] AndroidManifest.xml:51:13-78
153            android:exported="true"
153-->[androidx.glance:glance-appwidget:1.0.0] AndroidManifest.xml:52:13-36
154            android:permission="android.permission.BIND_REMOTEVIEWS" />
154-->[androidx.glance:glance-appwidget:1.0.0] AndroidManifest.xml:53:13-69
155
156        <provider
156-->[androidx.work:work-runtime:2.9.0] AndroidManifest.xml:29:9-37:20
157            android:name="androidx.startup.InitializationProvider"
157-->[androidx.work:work-runtime:2.9.0] AndroidManifest.xml:30:13-67
158            android:authorities="com.pyera.app.androidx-startup"
158-->[androidx.work:work-runtime:2.9.0] AndroidManifest.xml:31:13-68
159            android:exported="false" >
159-->[androidx.work:work-runtime:2.9.0] AndroidManifest.xml:32:13-37
160            <meta-data
160-->[androidx.work:work-runtime:2.9.0] AndroidManifest.xml:34:13-36:52
161                android:name="androidx.work.WorkManagerInitializer"
161-->[androidx.work:work-runtime:2.9.0] AndroidManifest.xml:35:17-68
162                android:value="androidx.startup" />
162-->[androidx.work:work-runtime:2.9.0] AndroidManifest.xml:36:17-49
163            <meta-data
163-->[androidx.emoji2:emoji2:1.3.0] AndroidManifest.xml:29:13-31:52
164                android:name="androidx.emoji2.text.EmojiCompatInitializer"
164-->[androidx.emoji2:emoji2:1.3.0] AndroidManifest.xml:30:17-75
165                android:value="androidx.startup" />
165-->[androidx.emoji2:emoji2:1.3.0] AndroidManifest.xml:31:17-49
166            <meta-data
166-->[androidx.lifecycle:lifecycle-process:2.8.3] AndroidManifest.xml:29:13-31:52
167                android:name="androidx.lifecycle.ProcessLifecycleInitializer"
167-->[androidx.lifecycle:lifecycle-process:2.8.3] AndroidManifest.xml:30:17-78
168                android:value="androidx.startup" />
168-->[androidx.lifecycle:lifecycle-process:2.8.3] AndroidManifest.xml:31:17-49
169            <meta-data
169-->[androidx.profileinstaller:profileinstaller:1.3.1] AndroidManifest.xml:29:13-31:52
170                android:name="androidx.profileinstaller.ProfileInstallerInitializer"
170-->[androidx.profileinstaller:profileinstaller:1.3.1] AndroidManifest.xml:30:17-85
171                android:value="androidx.startup" />
171-->[androidx.profileinstaller:profileinstaller:1.3.1] AndroidManifest.xml:31:17-49
172        </provider>
173
174        <service
174-->[androidx.work:work-runtime:2.9.0] AndroidManifest.xml:39:9-45:35
175            android:name="androidx.work.impl.background.systemalarm.SystemAlarmService"
175-->[androidx.work:work-runtime:2.9.0] AndroidManifest.xml:40:13-88
176            android:directBootAware="false"
176-->[androidx.work:work-runtime:2.9.0] AndroidManifest.xml:41:13-44
177            android:enabled="@bool/enable_system_alarm_service_default"
177-->[androidx.work:work-runtime:2.9.0] AndroidManifest.xml:42:13-72
178            android:exported="false" />
178-->[androidx.work:work-runtime:2.9.0] AndroidManifest.xml:43:13-37
179        <service
179-->[androidx.work:work-runtime:2.9.0] AndroidManifest.xml:46:9-52:35
180            android:name="androidx.work.impl.background.systemjob.SystemJobService"
180-->[androidx.work:work-runtime:2.9.0] AndroidManifest.xml:47:13-84
181            android:directBootAware="false"
181-->[androidx.work:work-runtime:2.9.0] AndroidManifest.xml:48:13-44
182            android:enabled="@bool/enable_system_job_service_default"
182-->[androidx.work:work-runtime:2.9.0] AndroidManifest.xml:49:13-70
183            android:exported="true"
183-->[androidx.work:work-runtime:2.9.0] AndroidManifest.xml:50:13-36
184            android:permission="android.permission.BIND_JOB_SERVICE" />
184-->[androidx.work:work-runtime:2.9.0] AndroidManifest.xml:51:13-69
185        <service
185-->[androidx.work:work-runtime:2.9.0] AndroidManifest.xml:53:9-59:35
186            android:name="androidx.work.impl.foreground.SystemForegroundService"
186-->[androidx.work:work-runtime:2.9.0] AndroidManifest.xml:54:13-81
187            android:directBootAware="false"
187-->[androidx.work:work-runtime:2.9.0] AndroidManifest.xml:55:13-44
188            android:enabled="@bool/enable_system_foreground_service_default"
188-->[androidx.work:work-runtime:2.9.0] AndroidManifest.xml:56:13-77
189            android:exported="false" />
189-->[androidx.work:work-runtime:2.9.0] AndroidManifest.xml:57:13-37
190
191        <receiver
191-->[androidx.work:work-runtime:2.9.0] AndroidManifest.xml:61:9-66:35
192            android:name="androidx.work.impl.utils.ForceStopRunnable$BroadcastReceiver"
192-->[androidx.work:work-runtime:2.9.0] AndroidManifest.xml:62:13-88
193            android:directBootAware="false"
193-->[androidx.work:work-runtime:2.9.0] AndroidManifest.xml:63:13-44
194            android:enabled="true"
194-->[androidx.work:work-runtime:2.9.0] AndroidManifest.xml:64:13-35
195            android:exported="false" />
195-->[androidx.work:work-runtime:2.9.0] AndroidManifest.xml:65:13-37
196        <receiver
196-->[androidx.work:work-runtime:2.9.0] AndroidManifest.xml:67:9-77:20
197            android:name="androidx.work.impl.background.systemalarm.ConstraintProxy$BatteryChargingProxy"
197-->[androidx.work:work-runtime:2.9.0] AndroidManifest.xml:68:13-106
198            android:directBootAware="false"
198-->[androidx.work:work-runtime:2.9.0] AndroidManifest.xml:69:13-44
199            android:enabled="false"
199-->[androidx.work:work-runtime:2.9.0] AndroidManifest.xml:70:13-36
200            android:exported="false" >
200-->[androidx.work:work-runtime:2.9.0] AndroidManifest.xml:71:13-37
201            <intent-filter>
201-->[androidx.work:work-runtime:2.9.0] AndroidManifest.xml:73:13-76:29
202                <action android:name="android.intent.action.ACTION_POWER_CONNECTED" />
202-->[androidx.work:work-runtime:2.9.0] AndroidManifest.xml:74:17-87
202-->[androidx.work:work-runtime:2.9.0] AndroidManifest.xml:74:25-84
203                <action android:name="android.intent.action.ACTION_POWER_DISCONNECTED" />
203-->[androidx.work:work-runtime:2.9.0] AndroidManifest.xml:75:17-90
203-->[androidx.work:work-runtime:2.9.0] AndroidManifest.xml:75:25-87
204            </intent-filter>
205        </receiver>
206        <receiver
206-->[androidx.work:work-runtime:2.9.0] AndroidManifest.xml:78:9-88:20
207            android:name="androidx.work.impl.background.systemalarm.ConstraintProxy$BatteryNotLowProxy"
207-->[androidx.work:work-runtime:2.9.0] AndroidManifest.xml:79:13-104
208            android:directBootAware="false"
208-->[androidx.work:work-runtime:2.9.0] AndroidManifest.xml:80:13-44
209            android:enabled="false"
209-->[androidx.work:work-runtime:2.9.0] AndroidManifest.xml:81:13-36
210            android:exported="false" >
210-->[androidx.work:work-runtime:2.9.0] AndroidManifest.xml:82:13-37
211            <intent-filter>
211-->[androidx.work:work-runtime:2.9.0] AndroidManifest.xml:84:13-87:29
212                <action android:name="android.intent.action.BATTERY_OKAY" />
212-->[androidx.work:work-runtime:2.9.0] AndroidManifest.xml:85:17-77
212-->[androidx.work:work-runtime:2.9.0] AndroidManifest.xml:85:25-74
213                <action android:name="android.intent.action.BATTERY_LOW" />
213-->[androidx.work:work-runtime:2.9.0] AndroidManifest.xml:86:17-76
213-->[androidx.work:work-runtime:2.9.0] AndroidManifest.xml:86:25-73
214            </intent-filter>
215        </receiver>
216        <receiver
216-->[androidx.work:work-runtime:2.9.0] AndroidManifest.xml:89:9-99:20
217            android:name="androidx.work.impl.background.systemalarm.ConstraintProxy$StorageNotLowProxy"
217-->[androidx.work:work-runtime:2.9.0] AndroidManifest.xml:90:13-104
218            android:directBootAware="false"
218-->[androidx.work:work-runtime:2.9.0] AndroidManifest.xml:91:13-44
219            android:enabled="false"
219-->[androidx.work:work-runtime:2.9.0] AndroidManifest.xml:92:13-36
220            android:exported="false" >
220-->[androidx.work:work-runtime:2.9.0] AndroidManifest.xml:93:13-37
221            <intent-filter>
221-->[androidx.work:work-runtime:2.9.0] AndroidManifest.xml:95:13-98:29
222                <action android:name="android.intent.action.DEVICE_STORAGE_LOW" />
222-->[androidx.work:work-runtime:2.9.0] AndroidManifest.xml:96:17-83
222-->[androidx.work:work-runtime:2.9.0] AndroidManifest.xml:96:25-80
223                <action android:name="android.intent.action.DEVICE_STORAGE_OK" />
223-->[androidx.work:work-runtime:2.9.0] AndroidManifest.xml:97:17-82
223-->[androidx.work:work-runtime:2.9.0] AndroidManifest.xml:97:25-79
224            </intent-filter>
225        </receiver>
226        <receiver
226-->[androidx.work:work-runtime:2.9.0] AndroidManifest.xml:100:9-109:20
227            android:name="androidx.work.impl.background.systemalarm.ConstraintProxy$NetworkStateProxy"
227-->[androidx.work:work-runtime:2.9.0] AndroidManifest.xml:101:13-103
228            android:directBootAware="false"
228-->[androidx.work:work-runtime:2.9.0] AndroidManifest.xml:102:13-44
229            android:enabled="false"
229-->[androidx.work:work-runtime:2.9.0] AndroidManifest.xml:103:13-36
230            android:exported="false" >
230-->[androidx.work:work-runtime:2.9.0] AndroidManifest.xml:104:13-37
231            <intent-filter>
231-->[androidx.work:work-runtime:2.9.0] AndroidManifest.xml:106:13-108:29
232                <action android:name="android.net.conn.CONNECTIVITY_CHANGE" />
232-->[androidx.work:work-runtime:2.9.0] AndroidManifest.xml:107:17-79
232-->[androidx.work:work-runtime:2.9.0] AndroidManifest.xml:107:25-76
233            </intent-filter>
234        </receiver>
235        <receiver
235-->[androidx.work:work-runtime:2.9.0] AndroidManifest.xml:110:9-121:20
236            android:name="androidx.work.impl.background.systemalarm.RescheduleReceiver"
236-->[androidx.work:work-runtime:2.9.0] AndroidManifest.xml:111:13-88
237            android:directBootAware="false"
237-->[androidx.work:work-runtime:2.9.0] AndroidManifest.xml:112:13-44
238            android:enabled="false"
238-->[androidx.work:work-runtime:2.9.0] AndroidManifest.xml:113:13-36
239            android:exported="false" >
239-->[androidx.work:work-runtime:2.9.0] AndroidManifest.xml:114:13-37
240            <intent-filter>
240-->[androidx.work:work-runtime:2.9.0] AndroidManifest.xml:116:13-120:29
241                <action android:name="android.intent.action.BOOT_COMPLETED" />
241-->[androidx.work:work-runtime:2.9.0] AndroidManifest.xml:117:17-79
241-->[androidx.work:work-runtime:2.9.0] AndroidManifest.xml:117:25-76
242                <action android:name="android.intent.action.TIME_SET" />
242-->[androidx.work:work-runtime:2.9.0] AndroidManifest.xml:118:17-73
242-->[androidx.work:work-runtime:2.9.0] AndroidManifest.xml:118:25-70
243                <action android:name="android.intent.action.TIMEZONE_CHANGED" />
243-->[androidx.work:work-runtime:2.9.0] AndroidManifest.xml:119:17-81
243-->[androidx.work:work-runtime:2.9.0] AndroidManifest.xml:119:25-78
244            </intent-filter>
245        </receiver>
246        <receiver
246-->[androidx.work:work-runtime:2.9.0] AndroidManifest.xml:122:9-131:20
247            android:name="androidx.work.impl.background.systemalarm.ConstraintProxyUpdateReceiver"
247-->[androidx.work:work-runtime:2.9.0] AndroidManifest.xml:123:13-99
248            android:directBootAware="false"
248-->[androidx.work:work-runtime:2.9.0] AndroidManifest.xml:124:13-44
249            android:enabled="@bool/enable_system_alarm_service_default"
249-->[androidx.work:work-runtime:2.9.0] AndroidManifest.xml:125:13-72
250            android:exported="false" >
250-->[androidx.work:work-runtime:2.9.0] AndroidManifest.xml:126:13-37
251            <intent-filter>
251-->[androidx.work:work-runtime:2.9.0] AndroidManifest.xml:128:13-130:29
252                <action android:name="androidx.work.impl.background.systemalarm.UpdateProxies" />
252-->[androidx.work:work-runtime:2.9.0] AndroidManifest.xml:129:17-98
252-->[androidx.work:work-runtime:2.9.0] AndroidManifest.xml:129:25-95
253            </intent-filter>
254        </receiver>
255        <receiver
255-->[androidx.work:work-runtime:2.9.0] AndroidManifest.xml:132:9-142:20
256            android:name="androidx.work.impl.diagnostics.DiagnosticsReceiver"
256-->[androidx.work:work-runtime:2.9.0] AndroidManifest.xml:133:13-78
257            android:directBootAware="false"
257-->[androidx.work:work-runtime:2.9.0] AndroidManifest.xml:134:13-44
258            android:enabled="true"
258-->[androidx.work:work-runtime:2.9.0] AndroidManifest.xml:135:13-35
259            android:exported="true"
259-->[androidx.work:work-runtime:2.9.0] AndroidManifest.xml:136:13-36
260            android:permission="android.permission.DUMP" >
260-->[androidx.work:work-runtime:2.9.0] AndroidManifest.xml:137:13-57
261            <intent-filter>
261-->[androidx.work:work-runtime:2.9.0] AndroidManifest.xml:139:13-141:29
262                <action android:name="androidx.work.diagnostics.REQUEST_DIAGNOSTICS" />
262-->[androidx.work:work-runtime:2.9.0] AndroidManifest.xml:140:17-88
262-->[androidx.work:work-runtime:2.9.0] AndroidManifest.xml:140:25-85
263            </intent-filter>
264        </receiver>
265
266        <activity
266-->[com.google.firebase:firebase-auth:23.1.0] AndroidManifest.xml:29:9-46:20
267            android:name="com.google.firebase.auth.internal.GenericIdpActivity"
267-->[com.google.firebase:firebase-auth:23.1.0] AndroidManifest.xml:30:13-80
268            android:excludeFromRecents="true"
268-->[com.google.firebase:firebase-auth:23.1.0] AndroidManifest.xml:31:13-46
269            android:exported="true"
269-->[com.google.firebase:firebase-auth:23.1.0] AndroidManifest.xml:32:13-36
270            android:launchMode="singleTask"
270-->[com.google.firebase:firebase-auth:23.1.0] AndroidManifest.xml:33:13-44
271            android:theme="@android:style/Theme.Translucent.NoTitleBar" >
271-->[com.google.firebase:firebase-auth:23.1.0] AndroidManifest.xml:34:13-72
272            <intent-filter>
272-->[com.google.firebase:firebase-auth:23.1.0] AndroidManifest.xml:35:13-45:29
273                <action android:name="android.intent.action.VIEW" />
273-->[com.google.firebase:firebase-auth:23.1.0] AndroidManifest.xml:36:17-69
273-->[com.google.firebase:firebase-auth:23.1.0] AndroidManifest.xml:36:25-66
274
275                <category android:name="android.intent.category.DEFAULT" />
275-->[com.google.firebase:firebase-auth:23.1.0] AndroidManifest.xml:38:17-76
275-->[com.google.firebase:firebase-auth:23.1.0] AndroidManifest.xml:38:27-73
276                <category android:name="android.intent.category.BROWSABLE" />
276-->[com.google.firebase:firebase-auth:23.1.0] AndroidManifest.xml:39:17-78
276-->[com.google.firebase:firebase-auth:23.1.0] AndroidManifest.xml:39:27-75
277
278                <data
278-->[com.google.firebase:firebase-auth:23.1.0] AndroidManifest.xml:41:17-44:51
279                    android:host="firebase.auth"
279-->[com.google.firebase:firebase-auth:23.1.0] AndroidManifest.xml:42:21-49
280                    android:path="/"
280-->[com.google.firebase:firebase-auth:23.1.0] AndroidManifest.xml:43:21-37
281                    android:scheme="genericidp" />
281-->[com.google.firebase:firebase-auth:23.1.0] AndroidManifest.xml:44:21-48
282            </intent-filter>
283        </activity>
284        <activity
284-->[com.google.firebase:firebase-auth:23.1.0] AndroidManifest.xml:47:9-64:20
285            android:name="com.google.firebase.auth.internal.RecaptchaActivity"